<?xml version="1.0" encoding="UTF-8"?>
<testsuite name="TestShape" tests="2" skipped="0" failures="0" errors="0" timestamp="2021-01-07T17:56:18" hostname="DESKTOP-J08FBMM" time="0.012">
  <properties/>
  <testcase name="testShapeConstructor" classname="TestShape" time="0.006"/>
  <testcase name="testShapeConstructorFunctionality" classname="TestShape" time="0.003"/>
  <system-out><![CDATA[]]></system-out>
  <system-err><![CDATA[]]></system-err>
</testsuite>
