<?xml version="1.0" encoding="UTF-8"?>
<testsuite name="TestSquare" tests="5" skipped="0" failures="0" errors="0" timestamp="2021-01-07T17:56:18" hostname="DESKTOP-J08FBMM" time="0.071">
  <properties/>
  <testcase name="testAreaAndPerimeter" classname="TestSquare" time="0.007"/>
  <testcase name="testToString" classname="TestSquare" time="0.014"/>
  <testcase name="testEquals" classname="TestSquare" time="0.006"/>
  <testcase name="testInheritance" classname="TestSquare" time="0.004"/>
  <testcase name="testConstructor" classname="TestSquare" time="0.002"/>
  <system-out><![CDATA[]]></system-out>
  <system-err><![CDATA[]]></system-err>
</testsuite>
